TN:
SF:packages/core/src/fog.ts
FN:34,createMask
FN:42,toCells
FN:55,fromCells
FN:74,isRevealed
FN:82,cellAt
FN:98,paint
FN:121,setAll
FN:127,revealedFraction
FN:140,resize
FN:153,shapeBounds
FN:182,containsPoint
FN:199,pointInPolygon
FNF:12
FNH:12
FNDA:108,createMask
FNDA:15,toCells
FNDA:19,fromCells
FNDA:2218,isRevealed
FNDA:2120,cellAt
FNDA:14,paint
FNDA:7,setAll
FNDA:5,revealedFraction
FNDA:3,resize
FNDA:221,shapeBounds
FNDA:308,containsPoint
FNDA:25,pointInPolygon
DA:32,1
DA:34,1
DA:35,108
DA:36,108
DA:37,108
DA:38,108
DA:39,108
DA:42,1
DA:43,15
DA:44,15
DA:45,15
DA:46,15
DA:47,24
DA:48,24
DA:49,24
DA:50,24
DA:51,15
DA:52,15
DA:55,1
DA:56,19
DA:57,19
DA:58,19
DA:59,19
DA:60,5204
DA:61,5204
DA:62,5062
DA:63,5204
DA:64,142
DA:65,142
DA:66,142
DA:67,142
DA:68,5204
DA:69,19
DA:70,19
DA:71,19
DA:72,19
DA:74,1
DA:75,2218
DA:76,2218
DA:77,2218
DA:78,2116
DA:79,2116
DA:82,1
DA:83,2120
DA:84,2120
DA:85,2120
DA:86,2120
DA:87,22094
DA:88,22094
DA:89,19974
DA:90,19974
DA:91,0
DA:92,0
DA:98,1
DA:99,14
DA:100,14
DA:101,14
DA:103,14
DA:104,14
DA:105,14
DA:106,14
DA:108,14
DA:109,56
DA:112,308
DA:113,308
DA:114,308
DA:115,308
DA:116,56
DA:118,14
DA:119,14
DA:121,1
DA:122,7
DA:123,7
DA:124,7
DA:127,1
DA:128,5
DA:129,5
DA:130,5
DA:131,5
DA:132,5
DA:133,7
DA:134,7
DA:135,7
DA:136,5
DA:137,5
DA:140,1
DA:141,3
DA:142,3
DA:143,3
DA:144,70
DA:145,2200
DA:146,2200
DA:147,2200
DA:148,2200
DA:149,70
DA:150,3
DA:151,3
DA:153,221
DA:154,221
DA:155,221
DA:156,8
DA:157,8
DA:158,8
DA:159,8
DA:160,8
DA:161,8
DA:162,221
DA:163,212
DA:164,212
DA:165,212
DA:166,212
DA:167,212
DA:168,212
DA:169,221
DA:170,1
DA:171,1
DA:172,1
DA:173,1
DA:174,1
DA:175,1
DA:176,1
DA:177,1
DA:178,1
DA:179,221
DA:180,221
DA:182,308
DA:183,308
DA:184,308
DA:185,76
DA:186,76
DA:187,76
DA:188,76
DA:189,308
DA:190,207
DA:191,207
DA:192,207
DA:193,308
DA:194,25
DA:195,308
DA:196,308
DA:199,25
DA:200,25
DA:201,25
DA:202,100
DA:203,100
DA:204,100
DA:205,100
DA:206,100
DA:207,25
DA:208,25
LF:150
LH:148
BRDA:34,0,0,108
BRDA:38,1,0,1
BRDA:38,2,0,107
BRDA:42,3,0,15
BRDA:46,4,0,24
BRDA:47,5,0,5
BRDA:55,6,0,19
BRDA:59,7,0,5204
BRDA:60,8,0,673
BRDA:60,9,0,4531
BRDA:61,10,0,5062
BRDA:63,11,0,142
BRDA:69,12,0,0
BRDA:70,13,0,15
BRDA:70,14,0,0
BRDA:74,15,0,2218
BRDA:77,16,0,2217
BRDA:77,17,0,2217
BRDA:77,18,0,2117
BRDA:77,19,0,102
BRDA:77,20,0,2116
BRDA:82,21,0,2120
BRDA:86,22,0,22094
BRDA:88,23,0,2120
BRDA:88,24,0,19974
BRDA:90,25,0,0
BRDA:98,26,0,14
BRDA:100,27,0,13
BRDA:100,28,0,1
BRDA:108,29,0,56
BRDA:109,30,0,308
BRDA:114,31,0,225
BRDA:121,32,0,7
BRDA:123,33,0,6
BRDA:123,34,0,1
BRDA:127,35,0,5
BRDA:129,36,0,0
BRDA:132,37,0,7
BRDA:133,38,0,2
BRDA:140,39,0,3
BRDA:143,40,0,70
BRDA:144,41,0,2200
BRDA:147,42,0,344
BRDA:153,43,0,221
BRDA:155,44,0,8
BRDA:162,45,0,212
BRDA:169,46,0,1
BRDA:170,47,0,4
BRDA:171,48,0,4
BRDA:182,49,0,308
BRDA:184,50,0,76
BRDA:189,51,0,207
BRDA:191,52,0,188
BRDA:191,53,0,188
BRDA:193,54,0,25
BRDA:199,55,0,25
BRDA:201,56,0,100
BRDA:205,57,0,40
BRDA:205,58,0,16
BRF:59
BRH:55
end_of_record
TN:
SF:packages/core/src/index.ts
FNF:0
FNH:0
DA:1,1
DA:2,1
DA:3,1
LF:3
LH:3
BRF:0
BRH:0
end_of_record
TN:
SF:packages/core/src/state.ts
FN:201,emptyRoom
FN:245,reduce
FN:367,withFog
FN:371,appendCapped
FN:380,newScene
FN:393,newToken
FN:415,newCharacter
FN:453,newStatBlock
FN:488,migrateRoom
FNF:9
FNH:9
FNDA:63,emptyRoom
FNDA:979,reduce
FNDA:9,withFog
FNDA:548,appendCapped
FNDA:91,newScene
FNDA:130,newToken
FNDA:43,newCharacter
FNDA:42,newStatBlock
FNDA:8,migrateRoom
DA:12,1
DA:182,1
DA:199,1
DA:201,1
DA:202,63
DA:203,63
DA:204,63
DA:205,63
DA:206,63
DA:207,63
DA:208,63
DA:209,63
DA:210,63
DA:211,63
DA:212,63
DA:213,63
DA:214,63
DA:245,1
DA:246,979
DA:247,979
DA:248,9
DA:250,979
DA:251,91
DA:253,979
DA:254,5
DA:255,5
DA:256,4
DA:257,5
DA:258,4
DA:259,4
DA:261,979
DA:262,3
DA:263,3
DA:264,3
DA:265,3
DA:266,3
DA:267,3
DA:268,3
DA:269,3
DA:270,3
DA:271,3
DA:272,3
DA:274,979
DA:275,44
DA:277,979
DA:278,6
DA:279,6
DA:280,5
DA:281,5
DA:282,5
DA:284,979
DA:285,3
DA:286,3
DA:287,2
DA:288,2
DA:290,979
DA:291,2
DA:292,2
DA:293,1
DA:294,1
DA:296,979
DA:300,2
DA:301,2
DA:302,1
DA:303,1
DA:304,1
DA:306,979
DA:307,127
DA:309,979
DA:310,2
DA:311,2
DA:312,1
DA:313,1
DA:315,979
DA:316,7
DA:317,7
DA:318,7
DA:319,7
DA:320,7
DA:322,979
DA:323,1
DA:324,0
DA:325,0
DA:326,0
DA:327,0
DA:329,979
DA:330,40
DA:332,979
DA:333,3
DA:334,2
DA:335,2
DA:336,2
DA:337,2
DA:339,979
DA:340,41
DA:342,979
DA:343,2
DA:344,1
DA:345,1
DA:346,1
DA:347,1
DA:349,979
DA:350,40
DA:352,979
DA:353,3
DA:354,2
DA:355,2
DA:356,2
DA:357,2
DA:359,979
DA:360,284
DA:362,979
DA:363,264
DA:364,979
DA:365,979
DA:367,9
DA:368,9
DA:369,9
DA:371,548
DA:372,548
DA:373,548
DA:374,548
DA:378,1
DA:380,1
DA:381,91
DA:382,91
DA:383,91
DA:384,91
DA:385,91
DA:386,91
DA:387,91
DA:388,91
DA:389,91
DA:390,91
DA:391,91
DA:393,1
DA:394,130
DA:395,130
DA:396,130
DA:397,130
DA:398,130
DA:399,130
DA:400,130
DA:401,130
DA:402,130
DA:403,130
DA:404,130
DA:405,130
DA:406,130
DA:407,130
DA:408,130
DA:409,130
DA:410,130
DA:411,130
DA:412,130
DA:413,130
DA:415,1
DA:416,43
DA:417,43
DA:418,43
DA:419,43
DA:420,43
DA:421,43
DA:422,43
DA:423,43
DA:424,43
DA:425,43
DA:426,43
DA:427,43
DA:428,43
DA:429,43
DA:430,43
DA:431,43
DA:432,43
DA:433,43
DA:434,43
DA:435,43
DA:436,43
DA:437,43
DA:438,43
DA:439,43
DA:440,43
DA:441,43
DA:442,43
DA:443,43
DA:444,43
DA:445,43
DA:446,43
DA:447,43
DA:448,43
DA:449,43
DA:450,43
DA:451,43
DA:453,1
DA:454,42
DA:455,42
DA:456,42
DA:457,42
DA:458,42
DA:459,42
DA:460,42
DA:461,42
DA:462,42
DA:463,42
DA:464,42
DA:465,42
DA:466,42
DA:467,42
DA:468,42
DA:469,42
DA:470,42
DA:471,42
DA:472,42
DA:473,42
DA:488,1
DA:489,8
DA:490,4
DA:491,4
DA:493,4
DA:494,8
DA:496,8
DA:497,1
DA:498,1
DA:499,1
DA:500,1
DA:502,3
DA:503,8
DA:504,0
DA:505,0
DA:506,0
DA:507,0
DA:508,0
DA:509,0
DA:511,3
DA:512,3
DA:515,1
DA:518,1
LF:237
LH:227
BRDA:201,0,0,63
BRDA:245,1,0,979
BRDA:247,2,0,9
BRDA:250,3,0,91
BRDA:253,4,0,5
BRDA:255,5,0,1
BRDA:255,6,0,4
BRDA:257,7,0,1
BRDA:257,8,0,4
BRDA:261,9,0,3
BRDA:262,10,0,0
BRDA:270,11,0,2
BRDA:270,12,0,1
BRDA:274,13,0,44
BRDA:277,14,0,6
BRDA:279,15,0,1
BRDA:279,16,0,5
BRDA:284,17,0,3
BRDA:286,18,0,1
BRDA:286,19,0,2
BRDA:290,20,0,2
BRDA:292,21,0,1
BRDA:296,22,0,2
BRDA:301,23,0,1
BRDA:306,24,0,127
BRDA:309,25,0,2
BRDA:311,26,0,1
BRDA:315,27,0,7
BRDA:317,28,0,0
BRDA:322,29,0,1
BRDA:323,30,0,0
BRDA:329,31,0,40
BRDA:332,32,0,3
BRDA:333,33,0,2
BRDA:333,34,0,1
BRDA:339,35,0,41
BRDA:342,36,0,2
BRDA:343,37,0,1
BRDA:349,38,0,40
BRDA:352,39,0,3
BRDA:353,40,0,2
BRDA:353,41,0,1
BRDA:359,42,0,284
BRDA:362,43,0,264
BRDA:265,44,0,7
BRDA:367,45,0,9
BRDA:371,46,0,548
BRDA:373,47,0,30
BRDA:373,48,0,518
BRDA:380,49,0,91
BRDA:393,50,0,130
BRDA:415,51,0,43
BRDA:453,52,0,42
BRDA:488,53,0,8
BRDA:489,54,0,6
BRDA:489,55,0,4
BRDA:494,56,0,2
BRDA:494,57,0,2
BRDA:496,58,0,1
BRDA:500,59,0,3
BRDA:503,60,0,0
BRDA:509,61,0,3
BRF:62
BRH:58
end_of_record
TN:
SF:packages/core/src/visibility.ts
FN:20,isTokenVisibleToPlayers
FN:27,sanitizeScene
FN:32,sanitizeToken
FN:41,sanitizeCharacter
FN:49,projectStateForPlayer
FN:79,projectState
FN:94,projectOpForPlayer
FN:194,sceneSwitchOps
FN:218,projectOp
FN:226,DENIED
FN:234,authorize
FN:314,canPlayerMove
FNF:12
FNH:10
FNDA:33,isTokenVisibleToPlayers
FNDA:3,sanitizeScene
FNDA:7,sanitizeToken
FNDA:2,sanitizeCharacter
FNDA:2,projectStateForPlayer
FNDA:0,projectState
FNDA:20,projectOpForPlayer
FNDA:3,sceneSwitchOps
FNDA:0,projectOp
FNDA:21,DENIED
FNDA:32,authorize
FNDA:7,canPlayerMove
DA:20,1
DA:21,33
DA:22,33
DA:23,23
DA:24,23
DA:27,1
DA:28,3
DA:29,3
DA:32,1
DA:33,7
DA:34,7
DA:35,7
DA:36,7
DA:37,7
DA:38,7
DA:39,7
DA:41,1
DA:42,2
DA:43,2
DA:49,1
DA:50,2
DA:52,2
DA:53,2
DA:55,2
DA:56,2
DA:57,7
DA:58,7
DA:60,2
DA:61,2
DA:62,2
DA:63,2
DA:65,2
DA:66,2
DA:67,2
DA:68,2
DA:69,2
DA:70,2
DA:71,2
DA:72,2
DA:73,2
DA:74,2
DA:75,2
DA:76,2
DA:77,2
DA:79,1
DA:80,0
DA:81,0
DA:94,1
DA:95,20
DA:96,20
DA:97,1
DA:99,20
DA:100,3
DA:102,20
DA:105,1
DA:107,20
DA:108,2
DA:109,2
DA:110,2
DA:111,2
DA:113,20
DA:114,2
DA:116,20
DA:117,20
DA:118,20
DA:119,20
DA:120,2
DA:122,20
DA:123,0
DA:124,0
DA:125,0
DA:127,20
DA:128,0
DA:130,20
DA:131,5
DA:132,5
DA:133,5
DA:135,5
DA:136,5
DA:137,5
DA:138,5
DA:142,1
DA:143,1
DA:144,1
DA:145,1
DA:146,1
DA:147,1
DA:148,1
DA:149,1
DA:150,1
DA:151,1
DA:152,1
DA:153,1
DA:154,1
DA:155,1
DA:156,1
DA:157,1
DA:158,1
DA:159,1
DA:160,1
DA:161,1
DA:162,1
DA:163,1
DA:164,1
DA:165,1
DA:167,20
DA:168,0
DA:170,20
DA:171,0
DA:173,20
DA:174,1
DA:176,20
DA:177,20
DA:178,20
DA:179,20
DA:180,2
DA:182,20
DA:183,1
DA:185,20
DA:186,0
DA:187,20
DA:188,20
DA:194,3
DA:195,3
DA:196,3
DA:197,3
DA:199,3
DA:200,2
DA:202,3
DA:203,1
DA:204,1
DA:205,1
DA:206,1
DA:207,3
DA:208,1
DA:209,1
DA:210,3
DA:211,1
DA:212,1
DA:214,2
DA:215,2
DA:216,2
DA:218,1
DA:219,0
DA:220,0
DA:226,1
DA:234,1
DA:235,32
DA:237,31
DA:238,32
DA:239,7
DA:240,7
DA:241,7
DA:242,2
DA:243,2
DA:245,32
DA:246,2
DA:247,2
DA:248,2
DA:251,2
DA:252,2
DA:253,2
DA:254,2
DA:255,2
DA:256,2
DA:257,2
DA:258,2
DA:259,2
DA:260,2
DA:261,2
DA:262,2
DA:264,32
DA:265,4
DA:266,4
DA:267,2
DA:268,2
DA:269,2
DA:270,2
DA:271,2
DA:272,2
DA:273,2
DA:274,2
DA:276,32
DA:277,4
DA:278,4
DA:279,4
DA:280,4
DA:281,1
DA:282,1
DA:284,32
DA:285,4
DA:286,4
DA:289,3
DA:290,3
DA:291,3
DA:292,3
DA:293,3
DA:294,3
DA:295,4
DA:296,4
DA:297,4
DA:298,4
DA:299,4
DA:300,4
DA:302,32
DA:303,1
DA:304,1
DA:305,0
DA:306,0
DA:307,0
DA:309,32
DA:310,9
DA:311,32
DA:312,32
DA:314,7
DA:315,7
DA:316,7
DA:317,7
DA:318,7
DA:319,7
LF:220
LH:206
BRDA:20,0,0,33
BRDA:21,1,0,0
BRDA:22,2,0,10
BRDA:22,3,0,23
BRDA:27,4,0,3
BRDA:32,5,0,7
BRDA:36,6,0,5
BRDA:36,7,0,2
BRDA:37,8,0,5
BRDA:37,9,0,2
BRDA:41,10,0,2
BRDA:49,11,0,2
BRDA:50,12,0,0
BRDA:56,13,0,7
BRDA:57,14,0,3
BRDA:69,15,0,0
BRDA:74,16,0,4
BRDA:75,17,0,2
BRDA:94,18,0,20
BRDA:96,19,0,1
BRDA:99,20,0,3
BRDA:102,21,0,1
BRDA:107,22,0,2
BRDA:108,23,0,0
BRDA:110,24,0,1
BRDA:110,25,0,1
BRDA:113,26,0,2
BRDA:114,27,0,1
BRDA:114,28,0,1
BRDA:116,29,0,2
BRDA:117,30,0,2
BRDA:118,31,0,2
BRDA:119,32,0,2
BRDA:120,33,0,1
BRDA:120,34,0,1
BRDA:122,35,0,0
BRDA:127,36,0,0
BRDA:130,37,0,5
BRDA:135,38,0,3
BRDA:135,39,0,1
BRDA:135,40,0,4
BRDA:136,41,0,2
BRDA:136,42,0,2
BRDA:136,43,0,2
BRDA:137,44,0,1
BRDA:138,45,0,0
BRDA:138,46,0,1
BRDA:167,47,0,0
BRDA:170,48,0,0
BRDA:173,49,0,1
BRDA:176,50,0,1
BRDA:177,51,0,1
BRDA:178,52,0,1
BRDA:179,53,0,2
BRDA:182,54,0,1
BRDA:183,55,0,0
BRDA:185,56,0,0
BRDA:194,57,0,3
BRDA:199,58,0,1
BRDA:199,59,0,2
BRDA:202,60,0,1
BRDA:206,61,0,3
BRDA:207,62,0,1
BRDA:212,63,0,2
BRDA:226,64,0,21
BRDA:234,65,0,32
BRDA:235,66,0,1
BRDA:235,67,0,31
BRDA:238,68,0,7
BRDA:240,69,0,2
BRDA:240,70,0,5
BRDA:241,71,0,3
BRDA:241,72,0,2
BRDA:245,73,0,2
BRDA:247,74,0,0
BRDA:248,75,0,0
BRDA:255,76,0,1
BRDA:255,77,0,1
BRDA:256,78,0,1
BRDA:256,79,0,0
BRDA:257,80,0,0
BRDA:258,81,0,0
BRDA:264,82,0,4
BRDA:265,83,0,1
BRDA:265,84,0,3
BRDA:266,85,0,1
BRDA:266,86,0,2
BRDA:276,87,0,4
BRDA:277,88,0,0
BRDA:279,89,0,1
BRDA:279,90,0,3
BRDA:280,91,0,2
BRDA:280,92,0,2
BRDA:280,93,0,1
BRDA:284,94,0,4
BRDA:286,95,0,3
BRDA:286,96,0,1
BRDA:286,97,0,3
BRDA:295,98,0,2
BRDA:295,99,0,1
BRDA:296,100,0,2
BRDA:296,101,0,1
BRDA:302,102,0,1
BRDA:304,103,0,0
BRDA:309,104,0,9
BRDA:314,105,0,7
BRDA:315,106,0,1
BRDA:315,107,0,6
BRDA:316,108,0,3
BRDA:317,109,0,2
BRDA:317,110,0,1
BRDA:318,111,0,2
BRF:112
BRH:94
end_of_record
TN:
SF:packages/dice/src/dice.ts
FN:69,parseExpression
FN:103,parseTerm
FN:142,rollDie
FN:150,roll
FN:201,markKept
FN:233,describeResult
FN:245,criticalKind
FNF:7
FNH:7
FNDA:525,parseExpression
FNDA:530,parseTerm
FNDA:528,rollDie
FNDA:513,roll
FNDA:8,markKept
FNDA:1,describeResult
FNDA:3,criticalKind
DA:49,1
DA:51,1
DA:52,1
DA:69,1
DA:70,525
DA:71,525
DA:72,525
DA:73,1
DA:74,1
DA:76,523
DA:77,523
DA:78,523
DA:81,525
DA:82,1
DA:83,1
DA:84,1
DA:86,525
DA:87,530
DA:88,530
DA:89,530
DA:90,530
DA:91,530
DA:93,530
DA:94,530
DA:95,530
DA:96,530
DA:97,530
DA:99,525
DA:100,518
DA:101,518
DA:103,530
DA:104,530
DA:105,7
DA:106,7
DA:107,7
DA:109,523
DA:110,530
DA:112,523
DA:113,530
DA:114,530
DA:116,530
DA:117,530
DA:118,530
DA:119,530
DA:121,521
DA:123,530
DA:124,6
DA:125,6
DA:126,6
DA:127,2
DA:128,1
DA:129,6
DA:130,4
DA:131,4
DA:132,3
DA:133,3
DA:134,6
DA:136,519
DA:137,519
DA:142,1
DA:143,528
DA:144,528
DA:150,1
DA:151,513
DA:152,513
DA:153,513
DA:154,513
DA:156,513
DA:157,518
DA:158,4
DA:159,4
DA:160,4
DA:161,4
DA:163,514
DA:164,514
DA:165,514
DA:168,518
DA:169,5
DA:170,5
DA:171,5
DA:172,5
DA:173,5
DA:175,514
DA:176,518
DA:177,527
DA:178,527
DA:179,1
DA:180,1
DA:181,1
DA:182,1
DA:183,1
DA:184,526
DA:185,526
DA:187,518
DA:189,514
DA:190,514
DA:191,514
DA:192,514
DA:194,513
DA:195,513
DA:201,8
DA:202,8
DA:203,8
DA:204,8
DA:206,8
DA:207,8
DA:208,8
DA:209,5
DA:210,5
DA:211,8
DA:212,2
DA:213,2
DA:214,8
DA:215,0
DA:216,0
DA:217,8
DA:218,1
DA:219,1
DA:220,8
DA:222,8
DA:223,8
DA:224,20
DA:225,8
DA:226,8
DA:233,1
DA:234,1
DA:235,1
DA:236,2
DA:237,2
DA:238,1
DA:239,1
DA:240,1
DA:241,1
DA:242,1
DA:245,1
DA:246,3
DA:247,3
DA:248,3
DA:249,4
DA:250,4
DA:251,4
DA:252,4
DA:253,1
DA:254,1
DA:255,1
LF:145
LH:143
BRDA:69,0,0,525
BRDA:71,1,0,1
BRDA:71,2,0,524
BRDA:72,3,0,1
BRDA:74,4,0,523
BRDA:81,5,0,1
BRDA:82,6,0,0
BRDA:84,7,0,523
BRDA:86,8,0,530
BRDA:88,9,0,2110
BRDA:88,10,0,2104
BRDA:88,11,0,2102
BRDA:90,12,0,0
BRDA:93,13,0,518
BRDA:93,14,0,8
BRDA:94,15,0,2
BRDA:94,16,0,6
BRDA:96,17,0,1
BRDA:97,18,0,518
BRDA:99,19,0,0
BRDA:99,20,0,518
BRDA:103,21,0,530
BRDA:104,22,0,7
BRDA:105,23,0,0
BRDA:107,24,0,523
BRDA:110,25,0,0
BRDA:110,26,0,523
BRDA:113,27,0,520
BRDA:113,28,0,3
BRDA:114,29,0,1
BRDA:114,30,0,522
BRDA:116,31,0,0
BRDA:116,32,0,523
BRDA:117,33,0,1
BRDA:117,34,0,522
BRDA:118,35,0,1
BRDA:118,36,0,521
BRDA:119,37,0,0
BRDA:119,38,0,521
BRDA:123,39,0,6
BRDA:125,40,0,0
BRDA:126,41,0,2
BRDA:127,42,0,1
BRDA:129,43,0,4
BRDA:130,44,0,0
BRDA:131,45,0,1
BRDA:131,46,0,3
BRDA:134,47,0,519
BRDA:142,48,0,528
BRDA:150,49,0,513
BRDA:156,50,0,518
BRDA:157,51,0,4
BRDA:161,52,0,514
BRDA:168,53,0,5
BRDA:168,54,0,5
BRDA:168,55,0,5
BRDA:168,56,0,5
BRDA:170,57,0,3
BRDA:170,58,0,2
BRDA:171,59,0,3
BRDA:171,60,0,2
BRDA:173,61,0,514
BRDA:176,62,0,527
BRDA:178,63,0,1
BRDA:178,64,0,1
BRDA:183,65,0,526
BRDA:185,66,0,514
BRDA:187,67,0,8
BRDA:187,68,0,514
BRDA:189,69,0,527
BRDA:189,70,0,519
BRDA:189,71,0,8
BRDA:201,72,0,8
BRDA:208,73,0,5
BRDA:211,74,0,2
BRDA:214,75,0,0
BRDA:217,76,0,1
BRDA:203,77,0,20
BRDA:204,78,0,16
BRDA:204,79,0,1
BRDA:204,80,0,15
BRDA:209,81,0,7
BRDA:212,82,0,2
BRDA:218,83,0,3
BRDA:223,84,0,20
BRDA:233,85,0,1
BRDA:235,86,0,2
BRDA:236,87,0,1
BRDA:236,88,0,0
BRDA:236,89,0,1
BRDA:236,90,0,0
BRDA:237,91,0,1
BRDA:238,92,0,2
BRDA:238,93,0,1
BRDA:238,94,0,1
BRDA:245,95,0,3
BRDA:247,96,0,0
BRDA:248,97,0,4
BRDA:249,98,0,1
BRDA:249,99,0,3
BRDA:250,100,0,1
BRDA:250,101,0,2
BRDA:251,102,0,1
BRDA:252,103,0,1
BRF:104
BRH:91
end_of_record
TN:
SF:packages/dice/src/index.ts
FNF:0
FNH:0
DA:1,1
LF:1
LH:1
BRF:0
BRH:0
end_of_record
TN:
SF:packages/protocol/src/index.ts
FNF:0
FNH:0
DA:1,1
LF:1
LH:1
BRF:0
BRH:0
end_of_record
TN:
SF:packages/protocol/src/protocol.ts
FN:50,generateRoomCode
FN:58,normalizeRoomCode
FN:65,isValidRoomCode
FN:71,generateGmKey
FN:77,parseClientMessage
FNF:5
FNH:5
FNDA:852,generateRoomCode
FNDA:58,normalizeRoomCode
FNDA:56,isValidRoomCode
FNDA:201,generateGmKey
FNDA:7,parseClientMessage
DA:12,1
DA:48,1
DA:50,1
DA:51,852
DA:52,852
DA:53,5112
DA:54,5112
DA:55,852
DA:56,852
DA:58,1
DA:59,58
DA:60,58
DA:61,58
DA:62,58
DA:63,58
DA:65,1
DA:66,56
DA:67,56
DA:68,56
DA:71,1
DA:72,201
DA:73,201
DA:74,201
DA:75,201
DA:77,1
DA:78,7
DA:79,7
DA:80,7
DA:81,1
DA:82,7
DA:83,2
DA:84,2
DA:85,7
LF:33
LH:33
BRDA:50,0,0,852
BRDA:52,1,0,5112
BRDA:58,2,0,58
BRDA:65,3,0,56
BRDA:67,4,0,54
BRDA:67,5,0,53
BRDA:67,6,0,318
BRDA:71,7,0,201
BRDA:74,8,0,3216
BRDA:77,9,0,7
BRDA:80,10,0,4
BRDA:80,11,0,3
BRDA:80,12,0,4
BRDA:80,13,0,1
BRDA:82,14,0,2
BRF:15
BRH:15
end_of_record
TN:
SF:packages/protocol/src/schemas.ts
FN:177,parseValidatedClientMessage
FNF:1
FNH:1
FNDA:12,parseValidatedClientMessage
DA:13,1
DA:16,1
DA:18,1
DA:19,1
DA:20,1
DA:21,1
DA:22,1
DA:24,1
DA:25,1
DA:26,1
DA:27,1
DA:28,1
DA:29,1
DA:30,1
DA:31,1
DA:32,1
DA:33,1
DA:34,1
DA:36,1
DA:37,1
DA:38,1
DA:39,1
DA:40,1
DA:41,1
DA:42,1
DA:43,1
DA:44,1
DA:46,1
DA:47,1
DA:48,1
DA:49,1
DA:50,1
DA:51,1
DA:53,1
DA:54,1
DA:55,1
DA:56,1
DA:57,1
DA:58,1
DA:59,1
DA:60,1
DA:61,1
DA:62,1
DA:64,1
DA:65,1
DA:66,1
DA:67,1
DA:68,1
DA:69,1
DA:70,1
DA:71,1
DA:72,1
DA:73,1
DA:74,1
DA:75,1
DA:76,1
DA:77,1
DA:78,1
DA:79,1
DA:80,1
DA:81,1
DA:83,1
DA:84,1
DA:85,1
DA:86,1
DA:87,1
DA:88,1
DA:89,1
DA:90,1
DA:91,1
DA:95,1
DA:97,1
DA:98,1
DA:99,1
DA:100,1
DA:101,1
DA:102,1
DA:103,1
DA:106,1
DA:107,1
DA:109,1
DA:110,1
DA:111,1
DA:112,1
DA:113,1
DA:114,1
DA:115,1
DA:116,1
DA:117,1
DA:118,1
DA:119,1
DA:121,1
DA:122,1
DA:123,1
DA:124,1
DA:126,1
DA:127,1
DA:128,1
DA:129,1
DA:131,1
DA:132,1
DA:133,1
DA:134,1
DA:136,1
DA:137,1
DA:139,1
DA:140,1
DA:141,1
DA:142,1
DA:147,1
DA:149,1
DA:150,1
DA:151,1
DA:152,1
DA:153,1
DA:154,1
DA:155,1
DA:156,1
DA:157,1
DA:158,1
DA:159,1
DA:160,1
DA:161,1
DA:162,1
DA:163,1
DA:164,1
DA:165,1
DA:166,1
DA:167,1
DA:168,1
DA:169,1
DA:177,1
DA:178,12
DA:179,12
DA:180,12
DA:181,12
DA:182,2
DA:183,2
DA:184,10
DA:185,12
DA:186,12
LF:141
LH:141
BRDA:177,0,0,12
BRDA:181,1,0,2
BRDA:183,2,0,10
BRDA:185,3,0,2
BRDA:185,4,0,8
BRF:5
BRH:5
end_of_record
