TN:
SF:packages/core/src/fog.ts
FN:34,createMask
FN:42,toCells
FN:55,fromCells
FN:74,isRevealed
FN:82,cellAt
FN:98,paint
FN:121,setAll
FN:127,revealedFraction
FN:140,resize
FN:153,shapeBounds
FN:182,containsPoint
FN:199,pointInPolygon
FNF:12
FNH:12
FNDA:108,createMask
FNDA:15,toCells
FNDA:19,fromCells
FNDA:2218,isRevealed
FNDA:2120,cellAt
FNDA:14,paint
FNDA:7,setAll
FNDA:5,revealedFraction
FNDA:3,resize
FNDA:221,shapeBounds
FNDA:308,containsPoint
FNDA:25,pointInPolygon
DA:32,1
DA:34,1
DA:35,108
DA:36,108
DA:37,108
DA:38,108
DA:39,108
DA:42,1
DA:43,15
DA:44,15
DA:45,15
DA:46,15
DA:47,24
DA:48,24
DA:49,24
DA:50,24
DA:51,15
DA:52,15
DA:55,1
DA:56,19
DA:57,19
DA:58,19
DA:59,19
DA:60,5204
DA:61,5204
DA:62,5062
DA:63,5204
DA:64,142
DA:65,142
DA:66,142
DA:67,142
DA:68,5204
DA:69,19
DA:70,19
DA:71,19
DA:72,19
DA:74,1
DA:75,2218
DA:76,2218
DA:77,2218
DA:78,2116
DA:79,2116
DA:82,1
DA:83,2120
DA:84,2120
DA:85,2120
DA:86,2120
DA:87,22094
DA:88,22094
DA:89,19974
DA:90,19974
DA:91,0
DA:92,0
DA:98,1
DA:99,14
DA:100,14
DA:101,14
DA:103,14
DA:104,14
DA:105,14
DA:106,14
DA:108,14
DA:109,56
DA:112,308
DA:113,308
DA:114,308
DA:115,308
DA:116,56
DA:118,14
DA:119,14
DA:121,1
DA:122,7
DA:123,7
DA:124,7
DA:127,1
DA:128,5
DA:129,5
DA:130,5
DA:131,5
DA:132,5
DA:133,7
DA:134,7
DA:135,7
DA:136,5
DA:137,5
DA:140,1
DA:141,3
DA:142,3
DA:143,3
DA:144,70
DA:145,2200
DA:146,2200
DA:147,2200
DA:148,2200
DA:149,70
DA:150,3
DA:151,3
DA:153,221
DA:154,221
DA:155,221
DA:156,8
DA:157,8
DA:158,8
DA:159,8
DA:160,8
DA:161,8
DA:162,221
DA:163,212
DA:164,212
DA:165,212
DA:166,212
DA:167,212
DA:168,212
DA:169,221
DA:170,1
DA:171,1
DA:172,1
DA:173,1
DA:174,1
DA:175,1
DA:176,1
DA:177,1
DA:178,1
DA:179,221
DA:180,221
DA:182,308
DA:183,308
DA:184,308
DA:185,76
DA:186,76
DA:187,76
DA:188,76
DA:189,308
DA:190,207
DA:191,207
DA:192,207
DA:193,308
DA:194,25
DA:195,308
DA:196,308
DA:199,25
DA:200,25
DA:201,25
DA:202,100
DA:203,100
DA:204,100
DA:205,100
DA:206,100
DA:207,25
DA:208,25
LF:150
LH:148
BRDA:34,0,0,108
BRDA:38,1,0,1
BRDA:38,2,0,107
BRDA:42,3,0,15
BRDA:46,4,0,24
BRDA:47,5,0,5
BRDA:55,6,0,19
BRDA:59,7,0,5204
BRDA:60,8,0,673
BRDA:60,9,0,4531
BRDA:61,10,0,5062
BRDA:63,11,0,142
BRDA:69,12,0,0
BRDA:70,13,0,15
BRDA:70,14,0,0
BRDA:74,15,0,2218
BRDA:77,16,0,2217
BRDA:77,17,0,2217
BRDA:77,18,0,2117
BRDA:77,19,0,102
BRDA:77,20,0,2116
BRDA:82,21,0,2120
BRDA:86,22,0,22094
BRDA:88,23,0,2120
BRDA:88,24,0,19974
BRDA:90,25,0,0
BRDA:98,26,0,14
BRDA:100,27,0,13
BRDA:100,28,0,1
BRDA:108,29,0,56
BRDA:109,30,0,308
BRDA:114,31,0,225
BRDA:121,32,0,7
BRDA:123,33,0,6
BRDA:123,34,0,1
BRDA:127,35,0,5
BRDA:129,36,0,0
BRDA:132,37,0,7
BRDA:133,38,0,2
BRDA:140,39,0,3
BRDA:143,40,0,70
BRDA:144,41,0,2200
BRDA:147,42,0,344
BRDA:153,43,0,221
BRDA:155,44,0,8
BRDA:162,45,0,212
BRDA:169,46,0,1
BRDA:170,47,0,4
BRDA:171,48,0,4
BRDA:182,49,0,308
BRDA:184,50,0,76
BRDA:189,51,0,207
BRDA:191,52,0,188
BRDA:191,53,0,188
BRDA:193,54,0,25
BRDA:199,55,0,25
BRDA:201,56,0,100
BRDA:205,57,0,40
BRDA:205,58,0,16
BRF:59
BRH:55
end_of_record
TN:
SF:packages/core/src/index.ts
FNF:0
FNH:0
DA:1,1
DA:2,1
DA:3,1
LF:3
LH:3
BRF:0
BRH:0
end_of_record
TN:
SF:packages/core/src/state.ts
FN:216,emptyRoom
FN:260,reduce
FN:382,withFog
FN:386,appendCapped
FN:395,newScene
FN:408,newToken
FN:430,newCharacter
FN:469,newStatBlock
FN:504,migrateRoom
FN:534,1
FN:556,identityFor
FNF:11
FNH:11
FNDA:64,emptyRoom
FNDA:979,reduce
FNDA:9,withFog
FNDA:548,appendCapped
FNDA:91,newScene
FNDA:130,newToken
FNDA:44,newCharacter
FNDA:42,newStatBlock
FNDA:9,migrateRoom
FNDA:3,1
FNDA:55,identityFor
DA:12,1
DA:197,1
DA:214,1
DA:216,1
DA:217,64
DA:218,64
DA:219,64
DA:220,64
DA:221,64
DA:222,64
DA:223,64
DA:224,64
DA:225,64
DA:226,64
DA:227,64
DA:228,64
DA:229,64
DA:260,1
DA:261,979
DA:262,979
DA:263,9
DA:265,979
DA:266,91
DA:268,979
DA:269,5
DA:270,5
DA:271,4
DA:272,5
DA:273,4
DA:274,4
DA:276,979
DA:277,3
DA:278,3
DA:279,3
DA:280,3
DA:281,3
DA:282,3
DA:283,3
DA:284,3
DA:285,3
DA:286,3
DA:287,3
DA:289,979
DA:290,44
DA:292,979
DA:293,6
DA:294,6
DA:295,5
DA:296,5
DA:297,5
DA:299,979
DA:300,3
DA:301,3
DA:302,2
DA:303,2
DA:305,979
DA:306,2
DA:307,2
DA:308,1
DA:309,1
DA:311,979
DA:315,2
DA:316,2
DA:317,1
DA:318,1
DA:319,1
DA:321,979
DA:322,127
DA:324,979
DA:325,2
DA:326,2
DA:327,1
DA:328,1
DA:330,979
DA:331,7
DA:332,7
DA:333,7
DA:334,7
DA:335,7
DA:337,979
DA:338,1
DA:339,0
DA:340,0
DA:341,0
DA:342,0
DA:344,979
DA:345,40
DA:347,979
DA:348,3
DA:349,2
DA:350,2
DA:351,2
DA:352,2
DA:354,979
DA:355,41
DA:357,979
DA:358,2
DA:359,1
DA:360,1
DA:361,1
DA:362,1
DA:364,979
DA:365,40
DA:367,979
DA:368,3
DA:369,2
DA:370,2
DA:371,2
DA:372,2
DA:374,979
DA:375,284
DA:377,979
DA:378,264
DA:379,979
DA:380,979
DA:382,9
DA:383,9
DA:384,9
DA:386,548
DA:387,548
DA:388,548
DA:389,548
DA:393,1
DA:395,1
DA:396,91
DA:397,91
DA:398,91
DA:399,91
DA:400,91
DA:401,91
DA:402,91
DA:403,91
DA:404,91
DA:405,91
DA:406,91
DA:408,1
DA:409,130
DA:410,130
DA:411,130
DA:412,130
DA:413,130
DA:414,130
DA:415,130
DA:416,130
DA:417,130
DA:418,130
DA:419,130
DA:420,130
DA:421,130
DA:422,130
DA:423,130
DA:424,130
DA:425,130
DA:426,130
DA:427,130
DA:428,130
DA:430,1
DA:431,44
DA:432,44
DA:433,44
DA:434,44
DA:435,44
DA:436,44
DA:437,44
DA:438,44
DA:439,44
DA:440,44
DA:441,44
DA:442,44
DA:443,44
DA:444,44
DA:445,44
DA:446,44
DA:447,44
DA:448,44
DA:449,44
DA:450,44
DA:451,44
DA:452,44
DA:453,44
DA:454,44
DA:455,44
DA:456,44
DA:457,44
DA:458,44
DA:459,44
DA:460,44
DA:461,44
DA:462,44
DA:463,44
DA:464,44
DA:465,44
DA:466,44
DA:467,44
DA:469,1
DA:470,42
DA:471,42
DA:472,42
DA:473,42
DA:474,42
DA:475,42
DA:476,42
DA:477,42
DA:478,42
DA:479,42
DA:480,42
DA:481,42
DA:482,42
DA:483,42
DA:484,42
DA:485,42
DA:486,42
DA:487,42
DA:488,42
DA:489,42
DA:504,1
DA:505,9
DA:506,4
DA:507,4
DA:509,5
DA:510,9
DA:512,9
DA:513,1
DA:514,1
DA:515,1
DA:516,1
DA:518,4
DA:519,9
DA:520,3
DA:521,3
DA:522,3
DA:523,3
DA:524,3
DA:525,3
DA:527,4
DA:528,4
DA:531,1
DA:534,1
DA:535,3
DA:536,3
DA:537,3
DA:538,1
DA:539,1
DA:540,3
DA:541,3
DA:542,3
DA:543,1
DA:556,1
DA:557,55
DA:558,55
LF:250
LH:246
BRDA:216,0,0,64
BRDA:260,1,0,979
BRDA:262,2,0,9
BRDA:265,3,0,91
BRDA:268,4,0,5
BRDA:270,5,0,1
BRDA:270,6,0,4
BRDA:272,7,0,1
BRDA:272,8,0,4
BRDA:276,9,0,3
BRDA:277,10,0,0
BRDA:285,11,0,2
BRDA:285,12,0,1
BRDA:289,13,0,44
BRDA:292,14,0,6
BRDA:294,15,0,1
BRDA:294,16,0,5
BRDA:299,17,0,3
BRDA:301,18,0,1
BRDA:301,19,0,2
BRDA:305,20,0,2
BRDA:307,21,0,1
BRDA:311,22,0,2
BRDA:316,23,0,1
BRDA:321,24,0,127
BRDA:324,25,0,2
BRDA:326,26,0,1
BRDA:330,27,0,7
BRDA:332,28,0,0
BRDA:337,29,0,1
BRDA:338,30,0,0
BRDA:344,31,0,40
BRDA:347,32,0,3
BRDA:348,33,0,2
BRDA:348,34,0,1
BRDA:354,35,0,41
BRDA:357,36,0,2
BRDA:358,37,0,1
BRDA:364,38,0,40
BRDA:367,39,0,3
BRDA:368,40,0,2
BRDA:368,41,0,1
BRDA:374,42,0,284
BRDA:377,43,0,264
BRDA:280,44,0,7
BRDA:382,45,0,9
BRDA:386,46,0,548
BRDA:388,47,0,30
BRDA:388,48,0,518
BRDA:395,49,0,91
BRDA:408,50,0,130
BRDA:430,51,0,44
BRDA:469,52,0,42
BRDA:504,53,0,9
BRDA:505,54,0,7
BRDA:505,55,0,4
BRDA:507,56,0,5
BRDA:510,57,0,3
BRDA:510,58,0,2
BRDA:512,59,0,1
BRDA:516,60,0,4
BRDA:519,61,0,3
BRDA:521,62,0,0
BRDA:525,63,0,4
BRDA:534,64,0,3
BRDA:537,65,0,1
BRDA:556,66,0,55
BRF:67
BRH:63
end_of_record
TN:
SF:packages/core/src/visibility.ts
FN:22,isTokenVisibleToPlayers
FN:29,sanitizeScene
FN:34,sanitizeToken
FN:43,sanitizeCharacter
FN:51,projectStateForPlayer
FN:81,projectState
FN:96,projectOpForPlayer
FN:196,sceneSwitchOps
FN:220,projectOp
FN:228,DENIED
FN:236,authorize
FN:318,canPlayerMove
FNF:12
FNH:10
FNDA:33,isTokenVisibleToPlayers
FNDA:3,sanitizeScene
FNDA:7,sanitizeToken
FNDA:2,sanitizeCharacter
FNDA:2,projectStateForPlayer
FNDA:0,projectState
FNDA:20,projectOpForPlayer
FNDA:3,sceneSwitchOps
FNDA:0,projectOp
FNDA:21,DENIED
FNDA:32,authorize
FNDA:7,canPlayerMove
DA:22,1
DA:23,33
DA:24,33
DA:25,23
DA:26,23
DA:29,1
DA:30,3
DA:31,3
DA:34,1
DA:35,7
DA:36,7
DA:37,7
DA:38,7
DA:39,7
DA:40,7
DA:41,7
DA:43,1
DA:44,2
DA:45,2
DA:51,1
DA:52,2
DA:54,2
DA:55,2
DA:57,2
DA:58,2
DA:59,7
DA:60,7
DA:62,2
DA:63,2
DA:64,2
DA:65,2
DA:67,2
DA:68,2
DA:69,2
DA:70,2
DA:71,2
DA:72,2
DA:73,2
DA:74,2
DA:75,2
DA:76,2
DA:77,2
DA:78,2
DA:79,2
DA:81,1
DA:82,0
DA:83,0
DA:96,1
DA:97,20
DA:98,20
DA:99,1
DA:101,20
DA:102,3
DA:104,20
DA:107,1
DA:109,20
DA:110,2
DA:111,2
DA:112,2
DA:113,2
DA:115,20
DA:116,2
DA:118,20
DA:119,20
DA:120,20
DA:121,20
DA:122,2
DA:124,20
DA:125,0
DA:126,0
DA:127,0
DA:129,20
DA:130,0
DA:132,20
DA:133,5
DA:134,5
DA:135,5
DA:137,5
DA:138,5
DA:139,5
DA:140,5
DA:144,1
DA:145,1
DA:146,1
DA:147,1
DA:148,1
DA:149,1
DA:150,1
DA:151,1
DA:152,1
DA:153,1
DA:154,1
DA:155,1
DA:156,1
DA:157,1
DA:158,1
DA:159,1
DA:160,1
DA:161,1
DA:162,1
DA:163,1
DA:164,1
DA:165,1
DA:166,1
DA:167,1
DA:169,20
DA:170,0
DA:172,20
DA:173,0
DA:175,20
DA:176,1
DA:178,20
DA:179,20
DA:180,20
DA:181,20
DA:182,2
DA:184,20
DA:185,1
DA:187,20
DA:188,0
DA:189,20
DA:190,20
DA:196,3
DA:197,3
DA:198,3
DA:199,3
DA:201,3
DA:202,2
DA:204,3
DA:205,1
DA:206,1
DA:207,1
DA:208,1
DA:209,3
DA:210,1
DA:211,1
DA:212,3
DA:213,1
DA:214,1
DA:216,2
DA:217,2
DA:218,2
DA:220,1
DA:221,0
DA:222,0
DA:228,1
DA:236,1
DA:237,32
DA:239,31
DA:240,32
DA:241,7
DA:242,7
DA:243,7
DA:244,2
DA:245,2
DA:247,32
DA:248,2
DA:249,2
DA:250,2
DA:253,2
DA:254,2
DA:255,2
DA:256,2
DA:257,2
DA:258,2
DA:259,2
DA:260,2
DA:261,2
DA:262,2
DA:263,2
DA:264,2
DA:266,32
DA:267,4
DA:268,4
DA:269,2
DA:270,2
DA:271,2
DA:272,2
DA:273,2
DA:274,2
DA:275,2
DA:276,2
DA:278,32
DA:279,4
DA:280,4
DA:281,4
DA:282,4
DA:283,1
DA:284,1
DA:286,32
DA:287,4
DA:288,4
DA:291,3
DA:292,3
DA:293,3
DA:294,3
DA:295,3
DA:296,3
DA:298,4
DA:299,4
DA:300,4
DA:301,4
DA:302,4
DA:303,4
DA:304,4
DA:306,32
DA:307,1
DA:308,1
DA:309,0
DA:310,0
DA:311,0
DA:313,32
DA:314,9
DA:315,32
DA:316,32
DA:318,7
DA:319,7
DA:320,7
DA:321,7
DA:322,7
DA:323,7
LF:221
LH:207
BRDA:22,0,0,33
BRDA:23,1,0,0
BRDA:24,2,0,10
BRDA:24,3,0,23
BRDA:29,4,0,3
BRDA:34,5,0,7
BRDA:38,6,0,5
BRDA:38,7,0,2
BRDA:39,8,0,5
BRDA:39,9,0,2
BRDA:43,10,0,2
BRDA:51,11,0,2
BRDA:52,12,0,0
BRDA:58,13,0,7
BRDA:59,14,0,3
BRDA:71,15,0,0
BRDA:76,16,0,4
BRDA:77,17,0,2
BRDA:96,18,0,20
BRDA:98,19,0,1
BRDA:101,20,0,3
BRDA:104,21,0,1
BRDA:109,22,0,2
BRDA:110,23,0,0
BRDA:112,24,0,1
BRDA:112,25,0,1
BRDA:115,26,0,2
BRDA:116,27,0,1
BRDA:116,28,0,1
BRDA:118,29,0,2
BRDA:119,30,0,2
BRDA:120,31,0,2
BRDA:121,32,0,2
BRDA:122,33,0,1
BRDA:122,34,0,1
BRDA:124,35,0,0
BRDA:129,36,0,0
BRDA:132,37,0,5
BRDA:137,38,0,3
BRDA:137,39,0,1
BRDA:137,40,0,4
BRDA:138,41,0,2
BRDA:138,42,0,2
BRDA:138,43,0,2
BRDA:139,44,0,1
BRDA:140,45,0,0
BRDA:140,46,0,1
BRDA:169,47,0,0
BRDA:172,48,0,0
BRDA:175,49,0,1
BRDA:178,50,0,1
BRDA:179,51,0,1
BRDA:180,52,0,1
BRDA:181,53,0,2
BRDA:184,54,0,1
BRDA:185,55,0,0
BRDA:187,56,0,0
BRDA:196,57,0,3
BRDA:201,58,0,1
BRDA:201,59,0,2
BRDA:204,60,0,1
BRDA:208,61,0,3
BRDA:209,62,0,1
BRDA:214,63,0,2
BRDA:228,64,0,21
BRDA:236,65,0,32
BRDA:237,66,0,1
BRDA:237,67,0,31
BRDA:240,68,0,7
BRDA:242,69,0,2
BRDA:242,70,0,5
BRDA:243,71,0,3
BRDA:243,72,0,2
BRDA:247,73,0,2
BRDA:249,74,0,0
BRDA:250,75,0,0
BRDA:257,76,0,1
BRDA:257,77,0,1
BRDA:258,78,0,1
BRDA:258,79,0,0
BRDA:259,80,0,0
BRDA:260,81,0,0
BRDA:266,82,0,4
BRDA:267,83,0,1
BRDA:267,84,0,3
BRDA:268,85,0,1
BRDA:268,86,0,2
BRDA:278,87,0,4
BRDA:279,88,0,0
BRDA:281,89,0,1
BRDA:281,90,0,3
BRDA:282,91,0,2
BRDA:282,92,0,2
BRDA:282,93,0,1
BRDA:286,94,0,4
BRDA:288,95,0,3
BRDA:288,96,0,1
BRDA:288,97,0,3
BRDA:298,98,0,2
BRDA:298,99,0,1
BRDA:299,100,0,2
BRDA:299,101,0,1
BRDA:300,102,0,2
BRDA:300,103,0,1
BRDA:306,104,0,1
BRDA:308,105,0,0
BRDA:313,106,0,9
BRDA:318,107,0,7
BRDA:319,108,0,1
BRDA:319,109,0,6
BRDA:320,110,0,3
BRDA:321,111,0,2
BRDA:321,112,0,1
BRDA:322,113,0,2
BRF:114
BRH:96
end_of_record
TN:
SF:packages/dice/src/dice.ts
FN:69,parseExpression
FN:103,parseTerm
FN:142,rollDie
FN:150,roll
FN:201,markKept
FN:233,describeResult
FN:245,criticalKind
FNF:7
FNH:7
FNDA:525,parseExpression
FNDA:530,parseTerm
FNDA:528,rollDie
FNDA:513,roll
FNDA:8,markKept
FNDA:1,describeResult
FNDA:3,criticalKind
DA:49,1
DA:51,1
DA:52,1
DA:69,1
DA:70,525
DA:71,525
DA:72,525
DA:73,1
DA:74,1
DA:76,523
DA:77,523
DA:78,523
DA:81,525
DA:82,1
DA:83,1
DA:84,1
DA:86,525
DA:87,530
DA:88,530
DA:89,530
DA:90,530
DA:91,530
DA:93,530
DA:94,530
DA:95,530
DA:96,530
DA:97,530
DA:99,525
DA:100,518
DA:101,518
DA:103,530
DA:104,530
DA:105,7
DA:106,7
DA:107,7
DA:109,523
DA:110,530
DA:112,523
DA:113,530
DA:114,530
DA:116,530
DA:117,530
DA:118,530
DA:119,530
DA:121,521
DA:123,530
DA:124,6
DA:125,6
DA:126,6
DA:127,2
DA:128,1
DA:129,6
DA:130,4
DA:131,4
DA:132,3
DA:133,3
DA:134,6
DA:136,519
DA:137,519
DA:142,1
DA:143,528
DA:144,528
DA:150,1
DA:151,513
DA:152,513
DA:153,513
DA:154,513
DA:156,513
DA:157,518
DA:158,4
DA:159,4
DA:160,4
DA:161,4
DA:163,514
DA:164,514
DA:165,514
DA:168,518
DA:169,5
DA:170,5
DA:171,5
DA:172,5
DA:173,5
DA:175,514
DA:176,518
DA:177,527
DA:178,527
DA:179,1
DA:180,1
DA:181,1
DA:182,1
DA:183,1
DA:184,526
DA:185,526
DA:187,518
DA:189,514
DA:190,514
DA:191,514
DA:192,514
DA:194,513
DA:195,513
DA:201,8
DA:202,8
DA:203,8
DA:204,8
DA:206,8
DA:207,8
DA:208,8
DA:209,5
DA:210,5
DA:211,8
DA:212,2
DA:213,2
DA:214,8
DA:215,0
DA:216,0
DA:217,8
DA:218,1
DA:219,1
DA:220,8
DA:222,8
DA:223,8
DA:224,20
DA:225,8
DA:226,8
DA:233,1
DA:234,1
DA:235,1
DA:236,2
DA:237,2
DA:238,1
DA:239,1
DA:240,1
DA:241,1
DA:242,1
DA:245,1
DA:246,3
DA:247,3
DA:248,3
DA:249,4
DA:250,4
DA:251,4
DA:252,4
DA:253,1
DA:254,1
DA:255,1
LF:145
LH:143
BRDA:69,0,0,525
BRDA:71,1,0,1
BRDA:71,2,0,524
BRDA:72,3,0,1
BRDA:74,4,0,523
BRDA:81,5,0,1
BRDA:82,6,0,0
BRDA:84,7,0,523
BRDA:86,8,0,530
BRDA:88,9,0,2110
BRDA:88,10,0,2104
BRDA:88,11,0,2102
BRDA:90,12,0,0
BRDA:93,13,0,518
BRDA:93,14,0,8
BRDA:94,15,0,2
BRDA:94,16,0,6
BRDA:96,17,0,1
BRDA:97,18,0,518
BRDA:99,19,0,0
BRDA:99,20,0,518
BRDA:103,21,0,530
BRDA:104,22,0,7
BRDA:105,23,0,0
BRDA:107,24,0,523
BRDA:110,25,0,0
BRDA:110,26,0,523
BRDA:113,27,0,520
BRDA:113,28,0,3
BRDA:114,29,0,1
BRDA:114,30,0,522
BRDA:116,31,0,0
BRDA:116,32,0,523
BRDA:117,33,0,1
BRDA:117,34,0,522
BRDA:118,35,0,1
BRDA:118,36,0,521
BRDA:119,37,0,0
BRDA:119,38,0,521
BRDA:123,39,0,6
BRDA:125,40,0,0
BRDA:126,41,0,2
BRDA:127,42,0,1
BRDA:129,43,0,4
BRDA:130,44,0,0
BRDA:131,45,0,1
BRDA:131,46,0,3
BRDA:134,47,0,519
BRDA:142,48,0,528
BRDA:150,49,0,513
BRDA:156,50,0,518
BRDA:157,51,0,4
BRDA:161,52,0,514
BRDA:168,53,0,5
BRDA:168,54,0,5
BRDA:168,55,0,5
BRDA:168,56,0,5
BRDA:170,57,0,3
BRDA:170,58,0,2
BRDA:171,59,0,3
BRDA:171,60,0,2
BRDA:173,61,0,514
BRDA:176,62,0,527
BRDA:178,63,0,1
BRDA:178,64,0,1
BRDA:183,65,0,526
BRDA:185,66,0,514
BRDA:187,67,0,8
BRDA:187,68,0,514
BRDA:189,69,0,527
BRDA:189,70,0,519
BRDA:189,71,0,8
BRDA:201,72,0,8
BRDA:208,73,0,5
BRDA:211,74,0,2
BRDA:214,75,0,0
BRDA:217,76,0,1
BRDA:203,77,0,20
BRDA:204,78,0,16
BRDA:204,79,0,1
BRDA:204,80,0,15
BRDA:209,81,0,7
BRDA:212,82,0,2
BRDA:218,83,0,3
BRDA:223,84,0,20
BRDA:233,85,0,1
BRDA:235,86,0,2
BRDA:236,87,0,1
BRDA:236,88,0,0
BRDA:236,89,0,1
BRDA:236,90,0,0
BRDA:237,91,0,1
BRDA:238,92,0,2
BRDA:238,93,0,1
BRDA:238,94,0,1
BRDA:245,95,0,3
BRDA:247,96,0,0
BRDA:248,97,0,4
BRDA:249,98,0,1
BRDA:249,99,0,3
BRDA:250,100,0,1
BRDA:250,101,0,2
BRDA:251,102,0,1
BRDA:252,103,0,1
BRF:104
BRH:91
end_of_record
TN:
SF:packages/dice/src/index.ts
FNF:0
FNH:0
DA:1,1
LF:1
LH:1
BRF:0
BRH:0
end_of_record
TN:
SF:packages/protocol/src/index.ts
FNF:0
FNH:0
DA:1,1
LF:1
LH:1
BRF:0
BRH:0
end_of_record
TN:
SF:packages/protocol/src/protocol.ts
FN:52,generateRoomCode
FN:60,normalizeRoomCode
FN:67,isValidRoomCode
FN:73,generateGmKey
FN:79,parseClientMessage
FNF:5
FNH:5
FNDA:852,generateRoomCode
FNDA:58,normalizeRoomCode
FNDA:56,isValidRoomCode
FNDA:201,generateGmKey
FNDA:7,parseClientMessage
DA:12,1
DA:50,1
DA:52,1
DA:53,852
DA:54,852
DA:55,5112
DA:56,5112
DA:57,852
DA:58,852
DA:60,1
DA:61,58
DA:62,58
DA:63,58
DA:64,58
DA:65,58
DA:67,1
DA:68,56
DA:69,56
DA:70,56
DA:73,1
DA:74,201
DA:75,201
DA:76,201
DA:77,201
DA:79,1
DA:80,7
DA:81,7
DA:82,7
DA:83,1
DA:84,7
DA:85,2
DA:86,2
DA:87,7
LF:33
LH:33
BRDA:52,0,0,852
BRDA:54,1,0,5112
BRDA:60,2,0,58
BRDA:67,3,0,56
BRDA:69,4,0,54
BRDA:69,5,0,53
BRDA:69,6,0,318
BRDA:73,7,0,201
BRDA:76,8,0,3216
BRDA:79,9,0,7
BRDA:82,10,0,4
BRDA:82,11,0,3
BRDA:82,12,0,4
BRDA:82,13,0,1
BRDA:84,14,0,2
BRF:15
BRH:15
end_of_record
TN:
SF:packages/protocol/src/schemas.ts
FN:178,parseValidatedClientMessage
FNF:1
FNH:1
FNDA:12,parseValidatedClientMessage
DA:13,1
DA:16,1
DA:18,1
DA:19,1
DA:20,1
DA:21,1
DA:22,1
DA:24,1
DA:25,1
DA:26,1
DA:27,1
DA:28,1
DA:29,1
DA:30,1
DA:31,1
DA:32,1
DA:33,1
DA:34,1
DA:36,1
DA:37,1
DA:38,1
DA:39,1
DA:40,1
DA:41,1
DA:42,1
DA:43,1
DA:44,1
DA:46,1
DA:47,1
DA:48,1
DA:49,1
DA:50,1
DA:51,1
DA:53,1
DA:54,1
DA:55,1
DA:56,1
DA:57,1
DA:58,1
DA:59,1
DA:60,1
DA:61,1
DA:62,1
DA:64,1
DA:65,1
DA:66,1
DA:67,1
DA:68,1
DA:69,1
DA:70,1
DA:71,1
DA:72,1
DA:73,1
DA:74,1
DA:75,1
DA:76,1
DA:77,1
DA:78,1
DA:79,1
DA:80,1
DA:81,1
DA:83,1
DA:84,1
DA:85,1
DA:86,1
DA:87,1
DA:88,1
DA:89,1
DA:90,1
DA:91,1
DA:95,1
DA:97,1
DA:98,1
DA:99,1
DA:100,1
DA:101,1
DA:102,1
DA:103,1
DA:106,1
DA:107,1
DA:109,1
DA:110,1
DA:111,1
DA:112,1
DA:113,1
DA:114,1
DA:115,1
DA:116,1
DA:117,1
DA:118,1
DA:119,1
DA:121,1
DA:122,1
DA:123,1
DA:124,1
DA:126,1
DA:127,1
DA:128,1
DA:129,1
DA:131,1
DA:132,1
DA:133,1
DA:134,1
DA:136,1
DA:137,1
DA:139,1
DA:140,1
DA:141,1
DA:142,1
DA:147,1
DA:149,1
DA:150,1
DA:151,1
DA:152,1
DA:153,1
DA:154,1
DA:155,1
DA:156,1
DA:157,1
DA:158,1
DA:159,1
DA:160,1
DA:161,1
DA:162,1
DA:163,1
DA:164,1
DA:165,1
DA:166,1
DA:167,1
DA:168,1
DA:169,1
DA:170,1
DA:178,1
DA:179,12
DA:180,12
DA:181,12
DA:182,12
DA:183,2
DA:184,2
DA:185,10
DA:186,12
DA:187,12
LF:142
LH:142
BRDA:178,0,0,12
BRDA:182,1,0,2
BRDA:184,2,0,10
BRDA:186,3,0,2
BRDA:186,4,0,8
BRF:5
BRH:5
end_of_record
